<?xml version="1.0" encoding="UTF-8"?>
<testng-results ignored="0" total="8" passed="8" failed="0" skipped="0">
  <reporter-output>
  </reporter-output>
  <suite started-at="2024-04-02T12:59:36 IST" name="Suite" finished-at="2024-04-02T13:01:52 IST" duration-ms="135507">
    <groups>
      <group name="cucumber">
        <method signature="AbstractTestNGCucumberTests.runScenario(io.cucumber.testng.PickleWrapper,io.cucumber.testng.FeatureWrapper)[pri:0, instance:Runner.TestNGRunner@43f02ef2]" name="runScenario" class="io.cucumber.testng.AbstractTestNGCucumberTests"/>
      </group> <!-- cucumber -->
    </groups>
    <test started-at="2024-04-02T12:59:36 IST" name="Test" finished-at="2024-04-02T13:01:52 IST" duration-ms="135507">
      <class name="StepDefinitions.ExcelSheet">
        <test-method is-config="true" signature="before1()[pri:0, instance:StepDefinitions.ExcelSheet@496bc455]" started-at="2024-04-02T12:59:37 IST" name="before1" finished-at="2024-04-02T12:59:52 IST" duration-ms="14887" status="PASS">
          <reporter-output>
          </reporter-output>
        </test-method> <!-- before1 -->
        <test-method signature="details(java.lang.String,java.lang.String,java.lang.String,java.lang.String)[pri:0, instance:StepDefinitions.ExcelSheet@496bc455]" started-at="2024-04-02T12:59:52 IST" name="details" data-provider="testdata" finished-at="2024-04-02T12:59:53 IST" duration-ms="812" status="PASS">
          <params>
            <param index="0">
              <value>
                <![CDATA[Meenakshi Thota]]>
              </value>
            </param>
            <param index="1">
              <value>
                <![CDATA[meenakshi@gmail.com]]>
              </value>
            </param>
            <param index="2">
              <value>
                <![CDATA[9876543210]]>
              </value>
            </param>
            <param index="3">
              <value>
                <![CDATA[0-2 Years]]>
              </value>
            </param>
          </params>
          <reporter-output>
          </reporter-output>
        </test-method> <!-- details -->
        <test-method is-config="true" signature="before1()[pri:0, instance:StepDefinitions.ExcelSheet@496bc455]" started-at="2024-04-02T12:59:53 IST" name="before1" finished-at="2024-04-02T13:00:13 IST" duration-ms="19954" status="PASS">
          <reporter-output>
          </reporter-output>
        </test-method> <!-- before1 -->
        <test-method signature="details(java.lang.String,java.lang.String,java.lang.String,java.lang.String)[pri:0, instance:StepDefinitions.ExcelSheet@496bc455]" started-at="2024-04-02T13:00:13 IST" name="details" data-provider="testdata" finished-at="2024-04-02T13:00:15 IST" duration-ms="1887" status="PASS">
          <params>
            <param index="0">
              <value>
                <![CDATA[Pavani]]>
              </value>
            </param>
            <param index="1">
              <value>
                <![CDATA[pavani@gmail.com]]>
              </value>
            </param>
            <param index="2">
              <value>
                <![CDATA[9876567899]]>
              </value>
            </param>
            <param index="3">
              <value>
                <![CDATA[2-5 Years]]>
              </value>
            </param>
          </params>
          <reporter-output>
          </reporter-output>
        </test-method> <!-- details -->
      </class> <!-- StepDefinitions.ExcelSheet -->
      <class name="Runner.TestNGRunner">
        <test-method is-config="true" signature="setUpClass(org.testng.ITestContext)[pri:0, instance:Runner.TestNGRunner@43f02ef2]" started-at="2024-04-02T12:59:36 IST" name="setUpClass" finished-at="2024-04-02T12:59:37 IST" duration-ms="491" status="PASS">
          <params>
            <param index="0">
              <value>
                <![CDATA[org.testng.TestRunner@479cbee5]]>
              </value>
            </param>
          </params>
          <reporter-output>
          </reporter-output>
        </test-method> <!-- setUpClass -->
        <test-method signature="runScenario(io.cucumber.testng.PickleWrapper,io.cucumber.testng.FeatureWrapper)[pri:0, instance:Runner.TestNGRunner@43f02ef2]" started-at="2024-04-02T12:59:37 IST" name="runScenario" description="Runs Cucumber Scenarios" data-provider="scenarios" finished-at="2024-04-02T12:59:57 IST" duration-ms="19990" status="PASS">
          <params>
            <param index="0">
              <value>
                <![CDATA["Select a learning"]]>
              </value>
            </param>
            <param index="1">
              <value>
                <![CDATA["Blog page on Edureka application"]]>
              </value>
            </param>
          </params>
          <reporter-output>
          </reporter-output>
        </test-method> <!-- runScenario -->
        <test-method signature="runScenario(io.cucumber.testng.PickleWrapper,io.cucumber.testng.FeatureWrapper)[pri:0, instance:Runner.TestNGRunner@43f02ef2]" started-at="2024-04-02T12:59:57 IST" name="runScenario" description="Runs Cucumber Scenarios" data-provider="scenarios" finished-at="2024-04-02T13:00:19 IST" duration-ms="22430" status="PASS">
          <params>
            <param index="0">
              <value>
                <![CDATA["Download eBook"]]>
              </value>
            </param>
            <param index="1">
              <value>
                <![CDATA["Blog page on Edureka application"]]>
              </value>
            </param>
          </params>
          <reporter-output>
          </reporter-output>
        </test-method> <!-- runScenario -->
        <test-method signature="runScenario(io.cucumber.testng.PickleWrapper,io.cucumber.testng.FeatureWrapper)[pri:0, instance:Runner.TestNGRunner@43f02ef2]" started-at="2024-04-02T13:00:19 IST" name="runScenario" description="Runs Cucumber Scenarios" data-provider="scenarios" finished-at="2024-04-02T13:00:52 IST" duration-ms="33012" status="PASS">
          <params>
            <param index="0">
              <value>
                <![CDATA["Download eBook"]]>
              </value>
            </param>
            <param index="1">
              <value>
                <![CDATA["Blog page on Edureka application"]]>
              </value>
            </param>
          </params>
          <reporter-output>
          </reporter-output>
        </test-method> <!-- runScenario -->
        <test-method signature="runScenario(io.cucumber.testng.PickleWrapper,io.cucumber.testng.FeatureWrapper)[pri:0, instance:Runner.TestNGRunner@43f02ef2]" started-at="2024-04-02T13:00:52 IST" name="runScenario" description="Runs Cucumber Scenarios" data-provider="scenarios" finished-at="2024-04-02T13:01:21 IST" duration-ms="28791" status="PASS">
          <params>
            <param index="0">
              <value>
                <![CDATA["Selenium Tutorial"]]>
              </value>
            </param>
            <param index="1">
              <value>
                <![CDATA["Blog page on Edureka application"]]>
              </value>
            </param>
          </params>
          <reporter-output>
          </reporter-output>
        </test-method> <!-- runScenario -->
        <test-method signature="runScenario(io.cucumber.testng.PickleWrapper,io.cucumber.testng.FeatureWrapper)[pri:0, instance:Runner.TestNGRunner@43f02ef2]" started-at="2024-04-02T13:01:21 IST" name="runScenario" description="Runs Cucumber Scenarios" data-provider="scenarios" finished-at="2024-04-02T13:01:38 IST" duration-ms="17015" status="PASS">
          <params>
            <param index="0">
              <value>
                <![CDATA["Interview questions"]]>
              </value>
            </param>
            <param index="1">
              <value>
                <![CDATA["Blog page on Edureka application"]]>
              </value>
            </param>
          </params>
          <reporter-output>
          </reporter-output>
        </test-method> <!-- runScenario -->
        <test-method signature="runScenario(io.cucumber.testng.PickleWrapper,io.cucumber.testng.FeatureWrapper)[pri:0, instance:Runner.TestNGRunner@43f02ef2]" started-at="2024-04-02T13:01:38 IST" name="runScenario" description="Runs Cucumber Scenarios" data-provider="scenarios" finished-at="2024-04-02T13:01:50 IST" duration-ms="12175" status="PASS">
          <params>
            <param index="0">
              <value>
                <![CDATA["Subscribe failure"]]>
              </value>
            </param>
            <param index="1">
              <value>
                <![CDATA["Blog page on Edureka application"]]>
              </value>
            </param>
          </params>
          <reporter-output>
          </reporter-output>
        </test-method> <!-- runScenario -->
        <test-method is-config="true" signature="tearDownClass()[pri:0, instance:Runner.TestNGRunner@43f02ef2]" started-at="2024-04-02T13:01:50 IST" name="tearDownClass" finished-at="2024-04-02T13:01:52 IST" duration-ms="1555" status="PASS">
          <reporter-output>
          </reporter-output>
        </test-method> <!-- tearDownClass -->
      </class> <!-- Runner.TestNGRunner -->
    </test> <!-- Test -->
  </suite> <!-- Suite -->
</testng-results>
